d:\work\trunk\src\modbus\debug\moc_modbus_module.obj
d:\work\trunk\src\modbus\debug\moc_modbusindex.obj
d:\work\trunk\src\modbus\debug\moc_channelsettings.obj
d:\work\trunk\src\modbus\debug\moc_plugin_module.obj
d:\work\trunk\src\modbus\debug\moc_qtwidgetsclass.obj
d:\work\trunk\src\modbus\debug\modbus_module.obj
d:\work\trunk\src\modbus\debug\config_data.obj
d:\work\trunk\src\modbus\debug\channelsettings.obj
d:\work\trunk\src\modbus\debug\qtwidgetsclass.obj
d:\work\trunk\src\modbus\debug\modbusindex.obj
d:\work\trunk\src\modbus\debug\vc142.pdb
d:\work\trunk\bin\modbus.ilk
d:\work\trunk\bin\modbus.dll
d:\work\trunk\bin\modbus.pdb
d:\work\trunk\src\modbus\debug\moc\moc_qtwidgetsclass.cpp
d:\work\trunk\src\modbus\debug\moc\moc_modbus_module.cpp
d:\work\trunk\src\modbus\debug\moc\moc_plugin_module.cpp
d:\work\trunk\src\modbus\debug\moc\moc_channelsettings.cpp
d:\work\trunk\src\modbus\debug\moc\moc_modbusindex.cpp
d:\work\trunk\src\modbus\debug\uic\ui_channelsettings.h
d:\work\trunk\src\modbus\debug\uic\ui_modbusindex.h
d:\work\trunk\src\modbus\debug\uic\ui_qtwidgetsclass.h
d:\work\trunk\bin\modbus.lib
d:\work\trunk\bin\modbus.exp
d:\work\trunk\src\modbus\..\..\bin\modbus.dll
d:\work\trunk\src\modbus\debug\modbus.tlog\cl.19536.write.1.tlog
d:\work\trunk\src\modbus\debug\modbus.tlog\cl.command.1.tlog
d:\work\trunk\src\modbus\debug\modbus.tlog\cl.read.1.tlog
d:\work\trunk\src\modbus\debug\modbus.tlog\link.command.1.tlog
d:\work\trunk\src\modbus\debug\modbus.tlog\link.read.1.tlog
d:\work\trunk\src\modbus\debug\modbus.tlog\link.write.1.tlog
d:\work\trunk\src\modbus\debug\modbus.tlog\moc.read.1u.tlog
d:\work\trunk\src\modbus\debug\modbus.tlog\moc.write.1u.tlog
d:\work\trunk\src\modbus\debug\modbus.tlog\modbus.write.1u.tlog
d:\work\trunk\src\modbus\debug\modbus.tlog\uic.read.1u.tlog
d:\work\trunk\src\modbus\debug\modbus.tlog\uic.write.1u.tlog
